mode: set
github.com/nanobox-io/golang-nanoauth/generate.go:16.54,18.16 2 1
github.com/nanobox-io/golang-nanoauth/generate.go:22.2,28.16 5 1
github.com/nanobox-io/golang-nanoauth/generate.go:32.2,48.16 4 1
github.com/nanobox-io/golang-nanoauth/generate.go:52.2,55.16 4 1
github.com/nanobox-io/golang-nanoauth/generate.go:18.16,20.3 1 0
github.com/nanobox-io/golang-nanoauth/generate.go:28.16,30.3 1 0
github.com/nanobox-io/golang-nanoauth/generate.go:48.16,50.3 1 0
github.com/nanobox-io/golang-nanoauth/load.go:11.73,13.16 2 1
github.com/nanobox-io/golang-nanoauth/load.go:16.2,17.16 2 1
github.com/nanobox-io/golang-nanoauth/load.go:20.2,21.36 2 1
github.com/nanobox-io/golang-nanoauth/load.go:27.2,28.18 2 1
github.com/nanobox-io/golang-nanoauth/load.go:13.16,15.3 1 1
github.com/nanobox-io/golang-nanoauth/load.go:17.16,19.3 1 1
github.com/nanobox-io/golang-nanoauth/load.go:21.36,23.17 2 0
github.com/nanobox-io/golang-nanoauth/load.go:23.17,25.4 1 0
github.com/nanobox-io/golang-nanoauth/nanoauth.go:25.13,28.2 2 1
github.com/nanobox-io/golang-nanoauth/nanoauth.go:32.71,35.42 3 1
github.com/nanobox-io/golang-nanoauth/nanoauth.go:42.2,42.56 1 1
github.com/nanobox-io/golang-nanoauth/nanoauth.go:47.2,47.31 1 1
github.com/nanobox-io/golang-nanoauth/nanoauth.go:35.42,36.22 1 0
github.com/nanobox-io/golang-nanoauth/nanoauth.go:36.22,38.9 2 0
github.com/nanobox-io/golang-nanoauth/nanoauth.go:42.56,45.3 2 1
github.com/nanobox-io/golang-nanoauth/nanoauth.go:51.104,57.16 4 1
github.com/nanobox-io/golang-nanoauth/nanoauth.go:60.2,63.14 3 1
github.com/nanobox-io/golang-nanoauth/nanoauth.go:66.2,68.38 2 1
github.com/nanobox-io/golang-nanoauth/nanoauth.go:57.16,59.3 1 0
github.com/nanobox-io/golang-nanoauth/nanoauth.go:63.14,65.3 1 1
github.com/nanobox-io/golang-nanoauth/nanoauth.go:73.101,75.16 2 1
github.com/nanobox-io/golang-nanoauth/nanoauth.go:78.2,81.14 3 1
github.com/nanobox-io/golang-nanoauth/nanoauth.go:84.2,86.39 2 1
github.com/nanobox-io/golang-nanoauth/nanoauth.go:75.16,77.3 1 0
github.com/nanobox-io/golang-nanoauth/nanoauth.go:81.14,83.3 1 1
github.com/nanobox-io/golang-nanoauth/nanoauth.go:90.91,92.2 1 1
github.com/nanobox-io/golang-nanoauth/nanoauth.go:95.88,97.2 1 1
